<?xml version="1.0" encoding="UTF-8"?>
<testsuite name="com.leszko.calculator.CalculatorTest" tests="1" skipped="0" failures="0" errors="0" timestamp="2023-02-20T07:22:37" hostname="Victorias-MacBook-Pro.local" time="0.002">
  <properties/>
  <testcase name="testSum" classname="com.leszko.calculator.CalculatorTest" time="0.002"/>
  <system-out><![CDATA[]]></system-out>
  <system-err><![CDATA[]]></system-err>
</testsuite>
